<?xml version="1.0" encoding="UTF-8"?>
<!-- Generated by org.testng.reporters.JUnitReportReporter -->
<testsuite hostname="user-PC" name="JenkinsDemo.NewTest" tests="1" failures="0" timestamp="18 Nov 2019 17:18:34 GMT" time="0.011" errors="0">
  <testcase name="launchBrowser1" time="0.011" classname="JenkinsDemo.NewTest"/>
</testsuite> <!-- JenkinsDemo.NewTest -->
